<?xml version="1.0" encoding="UTF-8"?>
<!-- Generated by org.testng.reporters.JUnitXMLReporter -->
<testsuite hostname="DESKTOP-L8VPHJS" ignored="1" name="ModuleOneTest(failed)" tests="2" failures="1" timestamp="2023-02-27T18:56:33 IST" time="11.517" errors="0">
  <testcase name="seleniumSearchTest" time="6.548" classname="testScripts.SampleOneTest">
    <failure type="java.lang.AssertionError" message="expected [Selenium Tutorial - Google Search Page] but found [Selenium Tutorial - Google Search]">
      <![CDATA[java.lang.AssertionError: expected [Selenium Tutorial - Google Search Page] but found [Selenium Tutorial - Google Search]
at testScripts.SampleOneTest.seleniumSearchTest(SampleOneTest.java:21)
at java.util.ArrayList.forEach(ArrayList.java:1259)
... Removed 33 stack frames]]>
    </failure>
  </testcase> <!-- seleniumSearchTest -->
  <testcase name="cypressSearchTest" time="4.92" classname="testScripts.SampleTwoTest"/>
  <testcase name="javaSearchTest" time="0.0" classname="testScripts.SampleOneTest">
    <ignored/>
  </testcase> <!-- javaSearchTest -->
</testsuite> <!-- ModuleOneTest(failed) -->
