<?xml version="1.0" encoding="UTF-8"?>
<!-- Generated by org.testng.reporters.JUnitXMLReporter -->
<testsuite hostname="DESKTOP-L8VPHJS" ignored="1" name="ModuleOneTest" tests="2" failures="1" timestamp="2023-03-13T20:59:45 IST" time="14.494" errors="0">
  <testcase name="cypressSearchTest" time="7.521" classname="testScripts.SampleTwoTest"/>
  <testcase name="seleniumSearchTest" time="3.73" classname="testScripts.SampleOneTest">
    <failure type="java.lang.AssertionError" message="expected [Selenium Tutorial - Google Search Page] but found [Selenium Tutorial - Google Search]">
      <![CDATA[java.lang.AssertionError: expected [Selenium Tutorial - Google Search Page] but found [Selenium Tutorial - Google Search]
at testScripts.SampleOneTest.seleniumSearchTest(SampleOneTest.java:36)
at java.util.concurrent.FutureTask.run(FutureTask.java:266)
at java.util.concurrent.ThreadPoolExecutor.runWorker(ThreadPoolExecutor.java:1149)
at java.util.concurrent.ThreadPoolExecutor$Worker.run(ThreadPoolExecutor.java:624)
at java.lang.Thread.run(Thread.java:748)
... Removed 14 stack frames]]>
    </failure>
  </testcase> <!-- seleniumSearchTest -->
  <testcase name="cucumberSearchTest" time="0.0" classname="testScripts.SampleOneTest">
    <ignored/>
  </testcase> <!-- cucumberSearchTest -->
</testsuite> <!-- ModuleOneTest -->
